<?xml version="1.0" encoding="UTF-8"?>
<testsuites tests="4" failures="0" disabled="0" errors="0" time="3.374" timestamp="2024-11-25T21:38:26.029" name="AllTests">
  <testsuite name="SerialPortTest" tests="4" failures="0" disabled="0" skipped="0" errors="0" time="3.373" timestamp="2024-11-25T21:38:26.029">
    <testcase name="TestConnection" status="run" result="completed" time="0.001" timestamp="2024-11-25T21:38:26.029" classname="SerialPortTest" />
    <testcase name="TestStartGame" status="run" result="completed" time="1.202" timestamp="2024-11-25T21:38:26.031" classname="SerialPortTest" />
    <testcase name="TestSetGameMode" status="run" result="completed" time="1.081" timestamp="2024-11-25T21:38:27.235" classname="SerialPortTest" />
    <testcase name="TestInvalidGameMode" status="run" result="completed" time="1.082" timestamp="2024-11-25T21:38:28.318" classname="SerialPortTest" />
  </testsuite>
</testsuites>
